<?xml version="1.0" encoding="UTF-8"?>
<!-- Generated by org.testng.reporters.JUnitXMLReporter -->
<testsuite hostname="LAPTOP-OF8QKMNN" ignored="1" name="Default test" tests="1" failures="0" timestamp="2019-09-12T20:03:32 IST" time="63.069" errors="0">
  <testcase name="sears_orders_overview_page" time="0.169" classname="selenium_testcases.sears_orders"/>
  <testcase name="sears_orders_page" time="0.0" classname="selenium_testcases.sears_orders">
    <ignored/>
  </testcase> <!-- sears_orders_page -->
</testsuite> <!-- Default test -->
