<?xml version="1.0" encoding="UTF-8"?>
<!-- Generated by org.testng.reporters.JUnitXMLReporter -->
<testsuite hostname="LAPTOP-OF8QKMNN" ignored="0" name="Test" tests="4" failures="0" timestamp="2019-09-12T20:07:54 IST" time="245.758" errors="0">
  <testcase name="sears_overview_orders_page" time="6.916" classname="selenium_testcases.sears_overview"/>
  <testcase name="sears_overview_page" time="0.021" classname="selenium_testcases.sears_overview"/>
  <testcase name="sears_orders_overview_page" time="0.034" classname="selenium_testcases.sears_orders"/>
  <testcase name="sears_orders_page" time="4.641" classname="selenium_testcases.sears_orders"/>
</testsuite> <!-- Test -->
